mode: set
Merch_store-Avito_test_task/cmd/main.go:32.13,34.12 1 0
Merch_store-Avito_test_task/cmd/main.go:34.12,36.59 2 0
Merch_store-Avito_test_task/cmd/main.go:36.59,38.4 1 0
Merch_store-Avito_test_task/cmd/main.go:41.2,49.16 6 0
Merch_store-Avito_test_task/cmd/main.go:49.16,51.3 1 0
Merch_store-Avito_test_task/cmd/main.go:52.2,59.16 8 0
Merch_store-Avito_test_task/cmd/main.go:59.16,61.3 1 0
Merch_store-Avito_test_task/cmd/main.go:63.2,77.84 11 0
Merch_store-Avito_test_task/cmd/main.go:77.84,82.3 2 0
Merch_store-Avito_test_task/cmd/main.go:83.2,91.12 7 0
Merch_store-Avito_test_task/cmd/main.go:91.12,93.91 2 0
Merch_store-Avito_test_task/cmd/main.go:93.91,96.4 2 0
Merch_store-Avito_test_task/cmd/main.go:99.2,105.63 5 0
Merch_store-Avito_test_task/cmd/main.go:105.63,108.3 2 0
Merch_store-Avito_test_task/cmd/main.go:109.2,109.47 1 0
Merch_store-Avito_test_task/cmd/main.go:112.65,116.16 3 0
Merch_store-Avito_test_task/cmd/main.go:116.16,122.3 3 0
Merch_store-Avito_test_task/internal/pkg/auth/mocks/mock.go:27.67,31.2 3 0
Merch_store-Avito_test_task/internal/pkg/auth/mocks/mock.go:34.65,36.2 1 0
Merch_store-Avito_test_task/internal/pkg/auth/mocks/mock.go:39.102,45.2 5 0
Merch_store-Avito_test_task/internal/pkg/auth/mocks/mock.go:48.96,51.2 2 0
Merch_store-Avito_test_task/internal/pkg/auth/mocks/mock.go:65.73,69.2 3 0
Merch_store-Avito_test_task/internal/pkg/auth/mocks/mock.go:72.71,74.2 1 0
Merch_store-Avito_test_task/internal/pkg/auth/mocks/mock.go:77.94,83.2 5 0
Merch_store-Avito_test_task/internal/pkg/auth/mocks/mock.go:86.90,89.2 2 0
Merch_store-Avito_test_task/internal/pkg/auth/mocks/mock.go:92.97,98.2 5 0
Merch_store-Avito_test_task/internal/pkg/auth/mocks/mock.go:101.91,104.2 2 0
Merch_store-Avito_test_task/internal/pkg/config/config.go:31.21,34.47 2 0
Merch_store-Avito_test_task/internal/pkg/config/config.go:34.47,37.3 2 0
Merch_store-Avito_test_task/internal/pkg/config/config.go:38.2,38.13 1 0
Merch_store-Avito_test_task/internal/pkg/jwt/mocks/mock.go:26.69,30.2 3 0
Merch_store-Avito_test_task/internal/pkg/jwt/mocks/mock.go:33.67,35.2 1 0
Merch_store-Avito_test_task/internal/pkg/jwt/mocks/mock.go:38.88,44.2 5 0
Merch_store-Avito_test_task/internal/pkg/jwt/mocks/mock.go:47.98,50.2 2 0
Merch_store-Avito_test_task/internal/pkg/jwt/mocks/mock.go:53.82,59.2 5 0
Merch_store-Avito_test_task/internal/pkg/jwt/mocks/mock.go:62.90,65.2 2 0
Merch_store-Avito_test_task/internal/pkg/payments/mocks/mock.go:26.75,30.2 3 0
Merch_store-Avito_test_task/internal/pkg/payments/mocks/mock.go:33.73,35.2 1 0
Merch_store-Avito_test_task/internal/pkg/payments/mocks/mock.go:38.79,43.2 4 0
Merch_store-Avito_test_task/internal/pkg/payments/mocks/mock.go:46.90,49.2 2 0
Merch_store-Avito_test_task/internal/pkg/payments/mocks/mock.go:52.96,57.2 4 0
Merch_store-Avito_test_task/internal/pkg/payments/mocks/mock.go:60.100,63.2 2 0
Merch_store-Avito_test_task/internal/pkg/payments/mocks/mock.go:77.81,81.2 3 0
Merch_store-Avito_test_task/internal/pkg/payments/mocks/mock.go:84.79,86.2 1 0
Merch_store-Avito_test_task/internal/pkg/payments/mocks/mock.go:89.82,94.2 4 0
Merch_store-Avito_test_task/internal/pkg/payments/mocks/mock.go:97.93,100.2 2 0
Merch_store-Avito_test_task/internal/pkg/payments/mocks/mock.go:103.98,108.2 4 0
Merch_store-Avito_test_task/internal/pkg/payments/mocks/mock.go:111.102,114.2 2 0
Merch_store-Avito_test_task/internal/pkg/auth/usecase/auth_usecase.go:17.64,19.2 1 0
Merch_store-Avito_test_task/internal/pkg/auth/usecase/auth_usecase.go:21.103,23.16 2 0
Merch_store-Avito_test_task/internal/pkg/auth/usecase/auth_usecase.go:23.16,24.41 1 0
Merch_store-Avito_test_task/internal/pkg/auth/usecase/auth_usecase.go:24.41,26.18 2 0
Merch_store-Avito_test_task/internal/pkg/auth/usecase/auth_usecase.go:26.18,28.5 1 0
Merch_store-Avito_test_task/internal/pkg/auth/usecase/auth_usecase.go:30.4,36.18 3 0
Merch_store-Avito_test_task/internal/pkg/auth/usecase/auth_usecase.go:36.18,38.5 1 0
Merch_store-Avito_test_task/internal/pkg/auth/usecase/auth_usecase.go:40.4,41.20 2 0
Merch_store-Avito_test_task/internal/pkg/auth/usecase/auth_usecase.go:43.3,43.28 1 0
Merch_store-Avito_test_task/internal/pkg/auth/usecase/auth_usecase.go:46.2,47.16 2 0
Merch_store-Avito_test_task/internal/pkg/auth/usecase/auth_usecase.go:47.16,50.3 2 0
Merch_store-Avito_test_task/internal/pkg/auth/usecase/auth_usecase.go:52.2,53.18 2 0
Merch_store-Avito_test_task/internal/pkg/httpresponses/responses.go:14.121,18.56 3 0
Merch_store-Avito_test_task/internal/pkg/httpresponses/responses.go:18.56,21.3 2 0
Merch_store-Avito_test_task/internal/pkg/middleware/middleware.go:18.103,19.71 1 0
Merch_store-Avito_test_task/internal/pkg/middleware/middleware.go:19.71,21.18 2 0
Merch_store-Avito_test_task/internal/pkg/middleware/middleware.go:21.18,28.4 4 0
Merch_store-Avito_test_task/internal/pkg/middleware/middleware.go:29.3,30.34 2 0
Merch_store-Avito_test_task/internal/pkg/middleware/middleware.go:30.34,37.4 4 0
Merch_store-Avito_test_task/internal/pkg/middleware/middleware.go:38.3,40.19 3 0
Merch_store-Avito_test_task/internal/pkg/middleware/middleware.go:40.19,47.4 4 0
Merch_store-Avito_test_task/internal/pkg/middleware/middleware.go:48.3,55.23 6 0
Merch_store-Avito_test_task/internal/pkg/jwt/jwt.go:15.54,17.2 1 0
Merch_store-Avito_test_task/internal/pkg/jwt/jwt.go:19.75,28.16 5 0
Merch_store-Avito_test_task/internal/pkg/jwt/jwt.go:28.16,31.3 2 0
Merch_store-Avito_test_task/internal/pkg/jwt/jwt.go:32.2,32.25 1 0
Merch_store-Avito_test_task/internal/pkg/jwt/jwt.go:35.69,36.89 1 0
Merch_store-Avito_test_task/internal/pkg/jwt/jwt.go:36.89,37.58 1 0
Merch_store-Avito_test_task/internal/pkg/jwt/jwt.go:37.58,39.4 1 0
Merch_store-Avito_test_task/internal/pkg/jwt/jwt.go:40.3,40.23 1 0
Merch_store-Avito_test_task/internal/pkg/jwt/jwt.go:43.2,43.38 1 0
Merch_store-Avito_test_task/internal/pkg/jwt/jwt.go:43.38,46.3 2 0
Merch_store-Avito_test_task/internal/pkg/jwt/jwt.go:48.2,48.79 1 0
Merch_store-Avito_test_task/internal/pkg/jwt/jwt.go:48.79,51.3 2 0
Merch_store-Avito_test_task/internal/pkg/jwt/jwt.go:52.2,52.17 1 0
Merch_store-Avito_test_task/internal/pkg/payments/usecase/payments_usecase.go:12.80,14.2 1 0
Merch_store-Avito_test_task/internal/pkg/payments/usecase/payments_usecase.go:16.96,18.2 1 0
Merch_store-Avito_test_task/internal/pkg/payments/usecase/payments_usecase.go:20.79,22.2 1 0
Merch_store-Avito_test_task/internal/pkg/auth/delivery/http/handler.go:19.98,21.2 1 1
Merch_store-Avito_test_task/internal/pkg/auth/delivery/http/handler.go:23.69,33.129 5 1
Merch_store-Avito_test_task/internal/pkg/auth/delivery/http/handler.go:33.129,35.39 1 1
Merch_store-Avito_test_task/internal/pkg/auth/delivery/http/handler.go:35.39,36.19 1 1
Merch_store-Avito_test_task/internal/pkg/auth/delivery/http/handler.go:36.19,38.6 1 0
Merch_store-Avito_test_task/internal/pkg/auth/delivery/http/handler.go:39.5,39.40 1 1
Merch_store-Avito_test_task/internal/pkg/auth/delivery/http/handler.go:42.3,46.9 3 1
Merch_store-Avito_test_task/internal/pkg/auth/delivery/http/handler.go:49.2,53.16 4 1
Merch_store-Avito_test_task/internal/pkg/auth/delivery/http/handler.go:53.16,61.3 4 1
Merch_store-Avito_test_task/internal/pkg/auth/delivery/http/handler.go:63.2,66.16 3 1
Merch_store-Avito_test_task/internal/pkg/auth/delivery/http/handler.go:66.16,73.3 4 1
Merch_store-Avito_test_task/internal/pkg/auth/delivery/http/handler.go:74.2,78.102 4 1
Merch_store-Avito_test_task/internal/pkg/auth/mocks/mock.go:27.67,31.2 3 1
Merch_store-Avito_test_task/internal/pkg/auth/mocks/mock.go:34.65,36.2 1 1
Merch_store-Avito_test_task/internal/pkg/auth/mocks/mock.go:39.102,45.2 5 1
Merch_store-Avito_test_task/internal/pkg/auth/mocks/mock.go:48.96,51.2 2 1
Merch_store-Avito_test_task/internal/pkg/auth/mocks/mock.go:65.73,69.2 3 0
Merch_store-Avito_test_task/internal/pkg/auth/mocks/mock.go:72.71,74.2 1 0
Merch_store-Avito_test_task/internal/pkg/auth/mocks/mock.go:77.94,83.2 5 0
Merch_store-Avito_test_task/internal/pkg/auth/mocks/mock.go:86.90,89.2 2 0
Merch_store-Avito_test_task/internal/pkg/auth/mocks/mock.go:92.97,98.2 5 0
Merch_store-Avito_test_task/internal/pkg/auth/mocks/mock.go:101.91,104.2 2 0
Merch_store-Avito_test_task/internal/pkg/httpresponses/responses.go:14.121,18.56 3 1
Merch_store-Avito_test_task/internal/pkg/httpresponses/responses.go:18.56,21.3 2 0
Merch_store-Avito_test_task/internal/pkg/jwt/jwt.go:15.54,17.2 1 0
Merch_store-Avito_test_task/internal/pkg/jwt/jwt.go:19.75,28.16 5 0
Merch_store-Avito_test_task/internal/pkg/jwt/jwt.go:28.16,31.3 2 0
Merch_store-Avito_test_task/internal/pkg/jwt/jwt.go:32.2,32.25 1 0
Merch_store-Avito_test_task/internal/pkg/jwt/jwt.go:35.69,36.89 1 0
Merch_store-Avito_test_task/internal/pkg/jwt/jwt.go:36.89,37.58 1 0
Merch_store-Avito_test_task/internal/pkg/jwt/jwt.go:37.58,39.4 1 0
Merch_store-Avito_test_task/internal/pkg/jwt/jwt.go:40.3,40.23 1 0
Merch_store-Avito_test_task/internal/pkg/jwt/jwt.go:43.2,43.38 1 0
Merch_store-Avito_test_task/internal/pkg/jwt/jwt.go:43.38,46.3 2 0
Merch_store-Avito_test_task/internal/pkg/jwt/jwt.go:48.2,48.79 1 0
Merch_store-Avito_test_task/internal/pkg/jwt/jwt.go:48.79,51.3 2 0
Merch_store-Avito_test_task/internal/pkg/jwt/jwt.go:52.2,52.17 1 0
Merch_store-Avito_test_task/internal/pkg/jwt/mocks/mock.go:26.69,30.2 3 1
Merch_store-Avito_test_task/internal/pkg/jwt/mocks/mock.go:33.67,35.2 1 1
Merch_store-Avito_test_task/internal/pkg/jwt/mocks/mock.go:38.88,44.2 5 1
Merch_store-Avito_test_task/internal/pkg/jwt/mocks/mock.go:47.98,50.2 2 1
Merch_store-Avito_test_task/internal/pkg/jwt/mocks/mock.go:53.82,59.2 5 0
Merch_store-Avito_test_task/internal/pkg/jwt/mocks/mock.go:62.90,65.2 2 0
Merch_store-Avito_test_task/internal/pkg/httpresponses/responses.go:14.121,18.56 3 1
Merch_store-Avito_test_task/internal/pkg/httpresponses/responses.go:18.56,21.3 2 0
Merch_store-Avito_test_task/internal/pkg/jwt/jwt.go:15.54,17.2 1 0
Merch_store-Avito_test_task/internal/pkg/jwt/jwt.go:19.75,28.16 5 0
Merch_store-Avito_test_task/internal/pkg/jwt/jwt.go:28.16,31.3 2 0
Merch_store-Avito_test_task/internal/pkg/jwt/jwt.go:32.2,32.25 1 0
Merch_store-Avito_test_task/internal/pkg/jwt/jwt.go:35.69,36.89 1 0
Merch_store-Avito_test_task/internal/pkg/jwt/jwt.go:36.89,37.58 1 0
Merch_store-Avito_test_task/internal/pkg/jwt/jwt.go:37.58,39.4 1 0
Merch_store-Avito_test_task/internal/pkg/jwt/jwt.go:40.3,40.23 1 0
Merch_store-Avito_test_task/internal/pkg/jwt/jwt.go:43.2,43.38 1 0
Merch_store-Avito_test_task/internal/pkg/jwt/jwt.go:43.38,46.3 2 0
Merch_store-Avito_test_task/internal/pkg/jwt/jwt.go:48.2,48.79 1 0
Merch_store-Avito_test_task/internal/pkg/jwt/jwt.go:48.79,51.3 2 0
Merch_store-Avito_test_task/internal/pkg/jwt/jwt.go:52.2,52.17 1 0
Merch_store-Avito_test_task/internal/pkg/middleware/middleware.go:18.103,19.71 1 0
Merch_store-Avito_test_task/internal/pkg/middleware/middleware.go:19.71,21.18 2 0
Merch_store-Avito_test_task/internal/pkg/middleware/middleware.go:21.18,28.4 4 0
Merch_store-Avito_test_task/internal/pkg/middleware/middleware.go:29.3,30.34 2 0
Merch_store-Avito_test_task/internal/pkg/middleware/middleware.go:30.34,37.4 4 0
Merch_store-Avito_test_task/internal/pkg/middleware/middleware.go:38.3,40.19 3 0
Merch_store-Avito_test_task/internal/pkg/middleware/middleware.go:40.19,47.4 4 0
Merch_store-Avito_test_task/internal/pkg/middleware/middleware.go:48.3,55.23 6 0
Merch_store-Avito_test_task/internal/pkg/payments/delivery/http/handler.go:21.92,23.2 1 1
Merch_store-Avito_test_task/internal/pkg/payments/delivery/http/handler.go:25.77,28.9 3 1
Merch_store-Avito_test_task/internal/pkg/payments/delivery/http/handler.go:28.9,35.3 4 0
Merch_store-Avito_test_task/internal/pkg/payments/delivery/http/handler.go:36.2,42.16 4 1
Merch_store-Avito_test_task/internal/pkg/payments/delivery/http/handler.go:42.16,49.3 4 0
Merch_store-Avito_test_task/internal/pkg/payments/delivery/http/handler.go:50.2,51.16 2 1
Merch_store-Avito_test_task/internal/pkg/payments/delivery/http/handler.go:51.16,52.42 1 1
Merch_store-Avito_test_task/internal/pkg/payments/delivery/http/handler.go:52.42,59.4 4 1
Merch_store-Avito_test_task/internal/pkg/payments/delivery/http/handler.go:59.9,59.48 1 0
Merch_store-Avito_test_task/internal/pkg/payments/delivery/http/handler.go:59.48,66.4 4 0
Merch_store-Avito_test_task/internal/pkg/payments/delivery/http/handler.go:67.3,72.9 4 0
Merch_store-Avito_test_task/internal/pkg/payments/delivery/http/handler.go:74.2,75.70 2 1
Merch_store-Avito_test_task/internal/pkg/payments/delivery/http/handler.go:78.75,81.9 3 1
Merch_store-Avito_test_task/internal/pkg/payments/delivery/http/handler.go:81.9,88.3 4 0
Merch_store-Avito_test_task/internal/pkg/payments/delivery/http/handler.go:89.2,91.16 3 1
Merch_store-Avito_test_task/internal/pkg/payments/delivery/http/handler.go:91.16,98.3 4 0
Merch_store-Avito_test_task/internal/pkg/payments/delivery/http/handler.go:99.2,100.16 2 1
Merch_store-Avito_test_task/internal/pkg/payments/delivery/http/handler.go:100.16,101.42 1 1
Merch_store-Avito_test_task/internal/pkg/payments/delivery/http/handler.go:101.42,108.4 4 1
Merch_store-Avito_test_task/internal/pkg/payments/delivery/http/handler.go:109.3,114.9 4 0
Merch_store-Avito_test_task/internal/pkg/payments/delivery/http/handler.go:116.2,117.70 2 1
Merch_store-Avito_test_task/internal/pkg/payments/mocks/mock.go:26.75,30.2 3 1
Merch_store-Avito_test_task/internal/pkg/payments/mocks/mock.go:33.73,35.2 1 1
Merch_store-Avito_test_task/internal/pkg/payments/mocks/mock.go:38.79,43.2 4 1
Merch_store-Avito_test_task/internal/pkg/payments/mocks/mock.go:46.90,49.2 2 1
Merch_store-Avito_test_task/internal/pkg/payments/mocks/mock.go:52.96,57.2 4 1
Merch_store-Avito_test_task/internal/pkg/payments/mocks/mock.go:60.100,63.2 2 1
Merch_store-Avito_test_task/internal/pkg/payments/mocks/mock.go:77.81,81.2 3 0
Merch_store-Avito_test_task/internal/pkg/payments/mocks/mock.go:84.79,86.2 1 0
Merch_store-Avito_test_task/internal/pkg/payments/mocks/mock.go:89.82,94.2 4 0
Merch_store-Avito_test_task/internal/pkg/payments/mocks/mock.go:97.93,100.2 2 0
Merch_store-Avito_test_task/internal/pkg/payments/mocks/mock.go:103.98,108.2 4 0
Merch_store-Avito_test_task/internal/pkg/payments/mocks/mock.go:111.102,114.2 2 0
Merch_store-Avito_test_task/internal/pkg/auth/repository/auth_repository.go:15.60,17.2 1 1
Merch_store-Avito_test_task/internal/pkg/auth/repository/auth_repository.go:19.97,23.16 4 1
Merch_store-Avito_test_task/internal/pkg/auth/repository/auth_repository.go:23.16,25.54 2 1
Merch_store-Avito_test_task/internal/pkg/auth/repository/auth_repository.go:25.54,27.4 1 1
Merch_store-Avito_test_task/internal/pkg/auth/repository/auth_repository.go:28.3,28.16 1 1
Merch_store-Avito_test_task/internal/pkg/auth/repository/auth_repository.go:30.2,30.20 1 1
Merch_store-Avito_test_task/internal/pkg/auth/repository/auth_repository.go:33.100,38.16 5 1
Merch_store-Avito_test_task/internal/pkg/auth/repository/auth_repository.go:38.16,39.36 1 1
Merch_store-Avito_test_task/internal/pkg/auth/repository/auth_repository.go:39.36,41.4 1 1
Merch_store-Avito_test_task/internal/pkg/auth/repository/auth_repository.go:42.3,42.28 1 1
Merch_store-Avito_test_task/internal/pkg/auth/repository/auth_repository.go:44.2,44.18 1 1
Merch_store-Avito_test_task/internal/pkg/httpresponses/responses.go:14.121,18.56 3 0
Merch_store-Avito_test_task/internal/pkg/httpresponses/responses.go:18.56,21.3 2 0
Merch_store-Avito_test_task/internal/pkg/jwt/jwt.go:15.54,17.2 1 0
Merch_store-Avito_test_task/internal/pkg/jwt/jwt.go:19.75,28.16 5 0
Merch_store-Avito_test_task/internal/pkg/jwt/jwt.go:28.16,31.3 2 0
Merch_store-Avito_test_task/internal/pkg/jwt/jwt.go:32.2,32.25 1 0
Merch_store-Avito_test_task/internal/pkg/jwt/jwt.go:35.69,36.89 1 0
Merch_store-Avito_test_task/internal/pkg/jwt/jwt.go:36.89,37.58 1 0
Merch_store-Avito_test_task/internal/pkg/jwt/jwt.go:37.58,39.4 1 0
Merch_store-Avito_test_task/internal/pkg/jwt/jwt.go:40.3,40.23 1 0
Merch_store-Avito_test_task/internal/pkg/jwt/jwt.go:43.2,43.38 1 0
Merch_store-Avito_test_task/internal/pkg/jwt/jwt.go:43.38,46.3 2 0
Merch_store-Avito_test_task/internal/pkg/jwt/jwt.go:48.2,48.79 1 0
Merch_store-Avito_test_task/internal/pkg/jwt/jwt.go:48.79,51.3 2 0
Merch_store-Avito_test_task/internal/pkg/jwt/jwt.go:52.2,52.17 1 0
Merch_store-Avito_test_task/internal/pkg/middleware/middleware.go:18.103,19.71 1 0
Merch_store-Avito_test_task/internal/pkg/middleware/middleware.go:19.71,21.18 2 0
Merch_store-Avito_test_task/internal/pkg/middleware/middleware.go:21.18,28.4 4 0
Merch_store-Avito_test_task/internal/pkg/middleware/middleware.go:29.3,30.34 2 0
Merch_store-Avito_test_task/internal/pkg/middleware/middleware.go:30.34,37.4 4 0
Merch_store-Avito_test_task/internal/pkg/middleware/middleware.go:38.3,40.19 3 0
Merch_store-Avito_test_task/internal/pkg/middleware/middleware.go:40.19,47.4 4 0
Merch_store-Avito_test_task/internal/pkg/middleware/middleware.go:48.3,55.23 6 0
Merch_store-Avito_test_task/internal/pkg/payments/repository/payments_repository.go:16.64,18.2 1 0
Merch_store-Avito_test_task/internal/pkg/payments/repository/payments_repository.go:20.98,22.16 2 1
Merch_store-Avito_test_task/internal/pkg/payments/repository/payments_repository.go:22.16,24.3 1 0
Merch_store-Avito_test_task/internal/pkg/payments/repository/payments_repository.go:25.2,31.16 5 1
Merch_store-Avito_test_task/internal/pkg/payments/repository/payments_repository.go:31.16,32.39 1 1
Merch_store-Avito_test_task/internal/pkg/payments/repository/payments_repository.go:32.39,33.29 1 0
Merch_store-Avito_test_task/internal/pkg/payments/repository/payments_repository.go:33.29,35.5 1 0
Merch_store-Avito_test_task/internal/pkg/payments/repository/payments_repository.go:37.3,37.56 1 1
Merch_store-Avito_test_task/internal/pkg/payments/repository/payments_repository.go:39.2,40.16 2 1
Merch_store-Avito_test_task/internal/pkg/payments/repository/payments_repository.go:40.16,42.3 1 0
Merch_store-Avito_test_task/internal/pkg/payments/repository/payments_repository.go:43.2,43.23 1 1
Merch_store-Avito_test_task/internal/pkg/payments/repository/payments_repository.go:43.23,45.3 1 0
Merch_store-Avito_test_task/internal/pkg/payments/repository/payments_repository.go:47.2,49.16 3 1
Merch_store-Avito_test_task/internal/pkg/payments/repository/payments_repository.go:49.16,51.3 1 0
Merch_store-Avito_test_task/internal/pkg/payments/repository/payments_repository.go:52.2,53.16 2 1
Merch_store-Avito_test_task/internal/pkg/payments/repository/payments_repository.go:53.16,55.3 1 0
Merch_store-Avito_test_task/internal/pkg/payments/repository/payments_repository.go:56.2,56.23 1 1
Merch_store-Avito_test_task/internal/pkg/payments/repository/payments_repository.go:56.23,58.3 1 1
Merch_store-Avito_test_task/internal/pkg/payments/repository/payments_repository.go:60.2,62.16 3 1
Merch_store-Avito_test_task/internal/pkg/payments/repository/payments_repository.go:62.16,64.3 1 0
Merch_store-Avito_test_task/internal/pkg/payments/repository/payments_repository.go:65.2,66.16 2 1
Merch_store-Avito_test_task/internal/pkg/payments/repository/payments_repository.go:66.16,68.3 1 0
Merch_store-Avito_test_task/internal/pkg/payments/repository/payments_repository.go:69.2,69.23 1 1
Merch_store-Avito_test_task/internal/pkg/payments/repository/payments_repository.go:69.23,71.3 1 0
Merch_store-Avito_test_task/internal/pkg/payments/repository/payments_repository.go:73.2,73.35 1 1
Merch_store-Avito_test_task/internal/pkg/payments/repository/payments_repository.go:73.35,75.3 1 0
Merch_store-Avito_test_task/internal/pkg/payments/repository/payments_repository.go:76.2,76.12 1 1
Merch_store-Avito_test_task/internal/pkg/payments/repository/payments_repository.go:79.82,81.16 2 1
Merch_store-Avito_test_task/internal/pkg/payments/repository/payments_repository.go:81.16,83.3 1 0
Merch_store-Avito_test_task/internal/pkg/payments/repository/payments_repository.go:84.2,90.16 7 1
Merch_store-Avito_test_task/internal/pkg/payments/repository/payments_repository.go:90.16,92.3 1 1
Merch_store-Avito_test_task/internal/pkg/payments/repository/payments_repository.go:93.2,95.16 3 1
Merch_store-Avito_test_task/internal/pkg/payments/repository/payments_repository.go:95.16,96.39 1 1
Merch_store-Avito_test_task/internal/pkg/payments/repository/payments_repository.go:96.39,97.29 1 0
Merch_store-Avito_test_task/internal/pkg/payments/repository/payments_repository.go:97.29,99.5 1 0
Merch_store-Avito_test_task/internal/pkg/payments/repository/payments_repository.go:101.3,101.56 1 1
Merch_store-Avito_test_task/internal/pkg/payments/repository/payments_repository.go:103.2,104.16 2 1
Merch_store-Avito_test_task/internal/pkg/payments/repository/payments_repository.go:104.16,106.3 1 0
Merch_store-Avito_test_task/internal/pkg/payments/repository/payments_repository.go:107.2,107.23 1 1
Merch_store-Avito_test_task/internal/pkg/payments/repository/payments_repository.go:107.23,109.3 1 0
Merch_store-Avito_test_task/internal/pkg/payments/repository/payments_repository.go:110.2,112.16 3 1
Merch_store-Avito_test_task/internal/pkg/payments/repository/payments_repository.go:112.16,114.3 1 0
Merch_store-Avito_test_task/internal/pkg/payments/repository/payments_repository.go:115.2,116.16 2 1
Merch_store-Avito_test_task/internal/pkg/payments/repository/payments_repository.go:116.16,118.3 1 0
Merch_store-Avito_test_task/internal/pkg/payments/repository/payments_repository.go:119.2,119.23 1 1
Merch_store-Avito_test_task/internal/pkg/payments/repository/payments_repository.go:119.23,121.3 1 0
Merch_store-Avito_test_task/internal/pkg/payments/repository/payments_repository.go:122.2,122.35 1 1
Merch_store-Avito_test_task/internal/pkg/payments/repository/payments_repository.go:122.35,124.3 1 0
Merch_store-Avito_test_task/internal/pkg/payments/repository/payments_repository.go:125.2,125.12 1 1
Merch_store-Avito_test_task/internal/pkg/service/mocks/mock.go:27.73,31.2 3 0
Merch_store-Avito_test_task/internal/pkg/service/mocks/mock.go:34.71,36.2 1 0
Merch_store-Avito_test_task/internal/pkg/service/mocks/mock.go:39.88,45.2 5 0
Merch_store-Avito_test_task/internal/pkg/service/mocks/mock.go:48.85,51.2 2 0
Merch_store-Avito_test_task/internal/pkg/service/mocks/mock.go:65.79,69.2 3 0
Merch_store-Avito_test_task/internal/pkg/service/mocks/mock.go:72.77,74.2 1 0
Merch_store-Avito_test_task/internal/pkg/service/mocks/mock.go:77.104,83.2 5 0
Merch_store-Avito_test_task/internal/pkg/service/mocks/mock.go:86.96,89.2 2 0
Merch_store-Avito_test_task/internal/pkg/service/usecase/service_usecase.go:14.76,16.2 1 0
Merch_store-Avito_test_task/internal/pkg/service/usecase/service_usecase.go:18.88,21.2 2 0
Merch_store-Avito_test_task/internal/pkg/auth/usecase/auth_usecase.go:17.64,19.2 1 1
Merch_store-Avito_test_task/internal/pkg/auth/usecase/auth_usecase.go:21.103,23.16 2 0
Merch_store-Avito_test_task/internal/pkg/auth/usecase/auth_usecase.go:23.16,24.41 1 0
Merch_store-Avito_test_task/internal/pkg/auth/usecase/auth_usecase.go:24.41,26.18 2 0
Merch_store-Avito_test_task/internal/pkg/auth/usecase/auth_usecase.go:26.18,28.5 1 0
Merch_store-Avito_test_task/internal/pkg/auth/usecase/auth_usecase.go:30.4,36.18 3 0
Merch_store-Avito_test_task/internal/pkg/auth/usecase/auth_usecase.go:36.18,38.5 1 0
Merch_store-Avito_test_task/internal/pkg/auth/usecase/auth_usecase.go:40.4,41.20 2 0
Merch_store-Avito_test_task/internal/pkg/auth/usecase/auth_usecase.go:43.3,43.28 1 0
Merch_store-Avito_test_task/internal/pkg/auth/usecase/auth_usecase.go:46.2,47.16 2 0
Merch_store-Avito_test_task/internal/pkg/auth/usecase/auth_usecase.go:47.16,50.3 2 0
Merch_store-Avito_test_task/internal/pkg/auth/usecase/auth_usecase.go:52.2,53.18 2 0
Merch_store-Avito_test_task/internal/pkg/httpresponses/responses.go:14.121,18.56 3 0
Merch_store-Avito_test_task/internal/pkg/httpresponses/responses.go:18.56,21.3 2 0
Merch_store-Avito_test_task/internal/pkg/jwt/jwt.go:15.54,17.2 1 1
Merch_store-Avito_test_task/internal/pkg/jwt/jwt.go:19.75,28.16 5 0
Merch_store-Avito_test_task/internal/pkg/jwt/jwt.go:28.16,31.3 2 0
Merch_store-Avito_test_task/internal/pkg/jwt/jwt.go:32.2,32.25 1 0
Merch_store-Avito_test_task/internal/pkg/jwt/jwt.go:35.69,36.89 1 0
Merch_store-Avito_test_task/internal/pkg/jwt/jwt.go:36.89,37.58 1 0
Merch_store-Avito_test_task/internal/pkg/jwt/jwt.go:37.58,39.4 1 0
Merch_store-Avito_test_task/internal/pkg/jwt/jwt.go:40.3,40.23 1 0
Merch_store-Avito_test_task/internal/pkg/jwt/jwt.go:43.2,43.38 1 0
Merch_store-Avito_test_task/internal/pkg/jwt/jwt.go:43.38,46.3 2 0
Merch_store-Avito_test_task/internal/pkg/jwt/jwt.go:48.2,48.79 1 0
Merch_store-Avito_test_task/internal/pkg/jwt/jwt.go:48.79,51.3 2 0
Merch_store-Avito_test_task/internal/pkg/jwt/jwt.go:52.2,52.17 1 0
Merch_store-Avito_test_task/internal/pkg/middleware/middleware.go:18.103,19.71 1 1
Merch_store-Avito_test_task/internal/pkg/middleware/middleware.go:19.71,21.18 2 0
Merch_store-Avito_test_task/internal/pkg/middleware/middleware.go:21.18,28.4 4 0
Merch_store-Avito_test_task/internal/pkg/middleware/middleware.go:29.3,30.34 2 0
Merch_store-Avito_test_task/internal/pkg/middleware/middleware.go:30.34,37.4 4 0
Merch_store-Avito_test_task/internal/pkg/middleware/middleware.go:38.3,40.19 3 0
Merch_store-Avito_test_task/internal/pkg/middleware/middleware.go:40.19,47.4 4 0
Merch_store-Avito_test_task/internal/pkg/middleware/middleware.go:48.3,55.23 6 0
Merch_store-Avito_test_task/internal/pkg/payments/usecase/payments_usecase.go:12.80,14.2 1 1
Merch_store-Avito_test_task/internal/pkg/payments/usecase/payments_usecase.go:16.96,18.2 1 0
Merch_store-Avito_test_task/internal/pkg/payments/usecase/payments_usecase.go:20.79,22.2 1 0
Merch_store-Avito_test_task/internal/pkg/service/repository/service_repository.go:14.50,16.2 1 1
Merch_store-Avito_test_task/internal/pkg/service/repository/service_repository.go:18.98,23.16 5 1
Merch_store-Avito_test_task/internal/pkg/service/repository/service_repository.go:23.16,25.3 1 1
Merch_store-Avito_test_task/internal/pkg/service/repository/service_repository.go:27.2,33.16 3 1
Merch_store-Avito_test_task/internal/pkg/service/repository/service_repository.go:33.16,35.3 1 1
Merch_store-Avito_test_task/internal/pkg/service/repository/service_repository.go:36.2,37.18 2 1
Merch_store-Avito_test_task/internal/pkg/service/repository/service_repository.go:37.18,39.72 2 1
Merch_store-Avito_test_task/internal/pkg/service/repository/service_repository.go:39.72,41.4 1 0
Merch_store-Avito_test_task/internal/pkg/service/repository/service_repository.go:42.3,42.53 1 1
Merch_store-Avito_test_task/internal/pkg/service/repository/service_repository.go:45.2,50.16 3 1
Merch_store-Avito_test_task/internal/pkg/service/repository/service_repository.go:50.16,52.3 1 1
Merch_store-Avito_test_task/internal/pkg/service/repository/service_repository.go:53.2,54.18 2 1
Merch_store-Avito_test_task/internal/pkg/service/repository/service_repository.go:54.18,57.17 3 1
Merch_store-Avito_test_task/internal/pkg/service/repository/service_repository.go:57.17,59.4 1 0
Merch_store-Avito_test_task/internal/pkg/service/repository/service_repository.go:60.3,60.77 1 1
Merch_store-Avito_test_task/internal/pkg/service/repository/service_repository.go:62.2,67.16 3 1
Merch_store-Avito_test_task/internal/pkg/service/repository/service_repository.go:67.16,69.3 1 0
Merch_store-Avito_test_task/internal/pkg/service/repository/service_repository.go:70.2,71.18 2 1
Merch_store-Avito_test_task/internal/pkg/service/repository/service_repository.go:71.18,74.17 3 1
Merch_store-Avito_test_task/internal/pkg/service/repository/service_repository.go:74.17,76.4 1 0
Merch_store-Avito_test_task/internal/pkg/service/repository/service_repository.go:77.3,77.69 1 1
Merch_store-Avito_test_task/internal/pkg/service/repository/service_repository.go:79.2,79.18 1 1
Merch_store-Avito_test_task/internal/pkg/httpresponses/responses.go:14.121,18.56 3 1
Merch_store-Avito_test_task/internal/pkg/httpresponses/responses.go:18.56,21.3 2 0
Merch_store-Avito_test_task/internal/pkg/jwt/jwt.go:15.54,17.2 1 0
Merch_store-Avito_test_task/internal/pkg/jwt/jwt.go:19.75,28.16 5 0
Merch_store-Avito_test_task/internal/pkg/jwt/jwt.go:28.16,31.3 2 0
Merch_store-Avito_test_task/internal/pkg/jwt/jwt.go:32.2,32.25 1 0
Merch_store-Avito_test_task/internal/pkg/jwt/jwt.go:35.69,36.89 1 0
Merch_store-Avito_test_task/internal/pkg/jwt/jwt.go:36.89,37.58 1 0
Merch_store-Avito_test_task/internal/pkg/jwt/jwt.go:37.58,39.4 1 0
Merch_store-Avito_test_task/internal/pkg/jwt/jwt.go:40.3,40.23 1 0
Merch_store-Avito_test_task/internal/pkg/jwt/jwt.go:43.2,43.38 1 0
Merch_store-Avito_test_task/internal/pkg/jwt/jwt.go:43.38,46.3 2 0
Merch_store-Avito_test_task/internal/pkg/jwt/jwt.go:48.2,48.79 1 0
Merch_store-Avito_test_task/internal/pkg/jwt/jwt.go:48.79,51.3 2 0
Merch_store-Avito_test_task/internal/pkg/jwt/jwt.go:52.2,52.17 1 0
Merch_store-Avito_test_task/internal/pkg/middleware/middleware.go:18.103,19.71 1 0
Merch_store-Avito_test_task/internal/pkg/middleware/middleware.go:19.71,21.18 2 0
Merch_store-Avito_test_task/internal/pkg/middleware/middleware.go:21.18,28.4 4 0
Merch_store-Avito_test_task/internal/pkg/middleware/middleware.go:29.3,30.34 2 0
Merch_store-Avito_test_task/internal/pkg/middleware/middleware.go:30.34,37.4 4 0
Merch_store-Avito_test_task/internal/pkg/middleware/middleware.go:38.3,40.19 3 0
Merch_store-Avito_test_task/internal/pkg/middleware/middleware.go:40.19,47.4 4 0
Merch_store-Avito_test_task/internal/pkg/middleware/middleware.go:48.3,55.23 6 0
Merch_store-Avito_test_task/internal/pkg/service/delivery/http/handler.go:16.88,18.2 1 1
Merch_store-Avito_test_task/internal/pkg/service/delivery/http/handler.go:20.78,23.9 3 1
Merch_store-Avito_test_task/internal/pkg/service/delivery/http/handler.go:23.9,30.3 4 1
Merch_store-Avito_test_task/internal/pkg/service/delivery/http/handler.go:31.2,32.16 2 1
Merch_store-Avito_test_task/internal/pkg/service/delivery/http/handler.go:32.16,39.3 4 1
Merch_store-Avito_test_task/internal/pkg/service/delivery/http/handler.go:40.2,40.71 1 1
Merch_store-Avito_test_task/internal/pkg/service/mocks/mock.go:27.73,31.2 3 1
Merch_store-Avito_test_task/internal/pkg/service/mocks/mock.go:34.71,36.2 1 1
Merch_store-Avito_test_task/internal/pkg/service/mocks/mock.go:39.88,45.2 5 1
Merch_store-Avito_test_task/internal/pkg/service/mocks/mock.go:48.85,51.2 2 1
Merch_store-Avito_test_task/internal/pkg/service/mocks/mock.go:65.79,69.2 3 0
Merch_store-Avito_test_task/internal/pkg/service/mocks/mock.go:72.77,74.2 1 0
Merch_store-Avito_test_task/internal/pkg/service/mocks/mock.go:77.104,83.2 5 0
Merch_store-Avito_test_task/internal/pkg/service/mocks/mock.go:86.96,89.2 2 0
